<?xml version="1.0" encoding="UTF-8"?>
<!-- Generated by org.testng.reporters.JUnitReportReporter -->
<testsuite skipped="0" hostname="Nehat" name="testCases.myPIM.SearchRecord" tests="1" failures="0" timestamp="25 Sep 2017 12:07:08 GMT" time="100.073" errors="0">
  <testcase name="addsearchrecords" time="100.073" classname="testCases.myPIM.SearchRecord"/>
</testsuite> <!-- testCases.myPIM.SearchRecord -->
