<?xml version="1.0" encoding="UTF-8"?>
<!-- Generated by org.testng.reporters.JUnitReportReporter -->
<testsuite skipped="0" hostname="Nehat" name="testCases.myPIM.CreateDefAddFields" tests="1" failures="0" timestamp="26 Sep 2017 10:00:30 GMT" time="89.007" errors="0">
  <testcase name="addTemplateRecords" time="89.007" classname="testCases.myPIM.CreateDefAddFields"/>
</testsuite> <!-- testCases.myPIM.CreateDefAddFields -->
