<?xml version="1.0" encoding="UTF-8"?>
<!-- Generated by org.testng.reporters.JUnitReportReporter -->
<testsuite skipped="0" hostname="Nehat" name="testCases.myPIM.SearchUserGroupField" tests="1" failures="0" timestamp="26 Oct 2017 07:40:32 GMT" time="36.869" errors="0">
  <testcase name="searchuser" time="36.869" classname="testCases.myPIM.SearchUserGroupField"/>
</testsuite> <!-- testCases.myPIM.SearchUserGroupField -->
