<?xml version="1.0" encoding="UTF-8"?>
<!-- Generated by org.testng.reporters.JUnitReportReporter -->
<testsuite skipped="0" hostname="Nehat" name="testCases.myPIM.CreateDefAddRecords" tests="1" failures="0" timestamp="24 Sep 2017 16:36:10 GMT" time="202.932" errors="0">
  <testcase name="addTemplateRecords" time="202.932" classname="testCases.myPIM.CreateDefAddRecords"/>
</testsuite> <!-- testCases.myPIM.CreateDefAddRecords -->
