<?xml version="1.0" encoding="UTF-8"?>
<!-- Generated by org.testng.reporters.JUnitReportReporter -->
<testsuite skipped="0" hostname="Nehat" name="utils.Browser" tests="1" failures="0" timestamp="12 Sep 2017 08:34:48 GMT" time="14.736" errors="0">
  <testcase name="launchBrowser" time="14.736" classname="utils.Browser"/>
</testsuite> <!-- utils.Browser -->
