<?xml version="1.0" encoding="UTF-8"?>
<!-- Generated by org.testng.reporters.JUnitReportReporter -->
<testsuite skipped="0" hostname="Nehat" name="testCases.myPIM.MTA_5" tests="1" failures="0" timestamp="13 Nov 2017 12:38:20 GMT" time="30.474" errors="0">
  <testcase name="adddeleteUser" time="30.474" classname="testCases.myPIM.MTA_5"/>
</testsuite> <!-- testCases.myPIM.MTA_5 -->
