<?xml version="1.0" encoding="UTF-8"?>
<!-- Generated by org.testng.reporters.JUnitReportReporter -->
<testsuite skipped="0" hostname="Preeti" name="testCases.myPIM.MTA_1_SearchUserGroupField" tests="1" failures="0" timestamp="13 Feb 2018 15:02:07 GMT" time="57.493" errors="0">
  <testcase name="searchuser" time="57.493" classname="testCases.myPIM.MTA_1_SearchUserGroupField"/>
</testsuite> <!-- testCases.myPIM.MTA_1_SearchUserGroupField -->
