<?xml version="1.0" encoding="UTF-8"?>
<!-- Generated by org.testng.reporters.JUnitReportReporter -->
<testsuite skipped="0" hostname="Navneet" name="testCases.myPIM.MTA_2_3_AddDeleteUserGroup" tests="1" failures="0" timestamp="15 Dec 2017 07:21:36 GMT" time="62.751" errors="0">
  <testcase name="adddeleteUser" time="62.751" classname="testCases.myPIM.MTA_2_3_AddDeleteUserGroup"/>
</testsuite> <!-- testCases.myPIM.MTA_2_3_AddDeleteUserGroup -->
