<?xml version="1.0" encoding="UTF-8"?>
<!-- Generated by org.testng.reporters.JUnitReportReporter -->
<testsuite skipped="0" hostname="Preeti" name="testCases.myPIM.MTA_7_InvalidUserLogin" tests="1" failures="0" timestamp="14 Feb 2018 07:14:45 GMT" time="11.800" errors="0">
  <testcase name="InvalidUserLogin" time="11.800" classname="testCases.myPIM.MTA_7_InvalidUserLogin"/>
</testsuite> <!-- testCases.myPIM.MTA_7_InvalidUserLogin -->
