<?xml version="1.0" encoding="UTF-8"?>
<!-- Generated by org.testng.reporters.JUnitReportReporter -->
<testsuite skipped="0" hostname="Nehat" name="testCases.PracTest" tests="1" failures="0" timestamp="06 Oct 2017 11:23:45 GMT" time="112.951" errors="0">
  <testcase name="addTemplateRecords" time="112.951" classname="testCases.PracTest"/>
</testsuite> <!-- testCases.PracTest -->
