<?xml version="1.0" encoding="UTF-8"?>
<!-- Generated by org.testng.reporters.JUnitReportReporter -->
<testsuite skipped="0" hostname="Nehat" name="testCases.myPIM.CopyDefinition" tests="1" failures="0" timestamp="25 Sep 2017 12:18:35 GMT" time="100.966" errors="0">
  <testcase name="copydefinition" time="100.966" classname="testCases.myPIM.CopyDefinition"/>
</testsuite> <!-- testCases.myPIM.CopyDefinition -->
