<?xml version="1.0" encoding="UTF-8"?>
<!-- Generated by org.testng.reporters.JUnitReportReporter -->
<testsuite skipped="0" hostname="Preeti" name="testCases.myPIM.EligibilityCheck" tests="2" failures="0" timestamp="23 Feb 2018 04:19:23 GMT" time="41.017" errors="0">
  <testcase name="healthEligibiltyTest" time="20.097" classname="testCases.myPIM.EligibilityCheck"/>
  <testcase name="ValidUserLogin" time="20.920" classname="testCases.myPIM.EligibilityCheck"/>
</testsuite> <!-- testCases.myPIM.EligibilityCheck -->
