<?xml version="1.0" encoding="UTF-8"?>
<!-- Generated by org.testng.reporters.JUnitReportReporter -->
<testsuite skipped="0" hostname="Nehat" name="firsttestngpackage.TestNG" tests="2" failures="0" timestamp="11 Sep 2017 10:42:50 GMT" time="0.016" errors="0">
  <testcase name="test1" time="0.003" classname="firsttestngpackage.TestNG"/>
  <testcase name="before" time="0.013" classname="firsttestngpackage.TestNG"/>
</testsuite> <!-- firsttestngpackage.TestNG -->
