<?xml version="1.0" encoding="UTF-8"?>
<!-- Generated by org.testng.reporters.JUnitReportReporter -->
<testsuite skipped="0" hostname="Navneet" name="testCases.myPIM.MTA_7_ValidUserLogin" tests="1" failures="0" timestamp="18 Dec 2017 08:58:06 GMT" time="8.230" errors="0">
  <testcase name="validUserLogin" time="8.230" classname="testCases.myPIM.MTA_7_ValidUserLogin"/>
</testsuite> <!-- testCases.myPIM.MTA_7_ValidUserLogin -->
