<?xml version="1.0" encoding="UTF-8"?>
<!-- Generated by org.testng.reporters.JUnitReportReporter -->
<testsuite skipped="0" hostname="Nehat" name="testCases.TestRun" tests="1" failures="0" timestamp="17 Sep 2017 14:54:30 GMT" time="0.021" errors="0">
  <testcase name="run" time="0.021" classname="testCases.TestRun"/>
</testsuite> <!-- testCases.TestRun -->
