<?xml version="1.0" encoding="UTF-8"?>
<!-- Generated by org.testng.reporters.JUnitReportReporter -->
<testsuite skipped="0" hostname="Nehat" name="testCases.myPIM.AddDeleteUser" tests="1" failures="0" timestamp="27 Oct 2017 08:17:08 GMT" time="42.416" errors="0">
  <testcase name="addUser" time="42.416" classname="testCases.myPIM.AddDeleteUser"/>
</testsuite> <!-- testCases.myPIM.AddDeleteUser -->
