<?xml version="1.0" encoding="UTF-8"?>
<!-- Generated by org.testng.reporters.JUnitReportReporter -->
<testsuite skipped="0" hostname="Nehat" name="testCases.myPIM.ImportDefinition" tests="1" failures="0" timestamp="28 Sep 2017 11:47:07 GMT" time="47.939" errors="0">
  <testcase name="importdefinition" time="47.939" classname="testCases.myPIM.ImportDefinition"/>
</testsuite> <!-- testCases.myPIM.ImportDefinition -->
