<?xml version="1.0" encoding="UTF-8"?>
<!-- Generated by org.testng.reporters.JUnitReportReporter -->
<testsuite skipped="0" hostname="Navneet" name="testCases.myPIM.MTA_5_VerifyAddUserGrpIcon" tests="1" failures="0" timestamp="15 Dec 2017 11:13:38 GMT" time="54.900" errors="0">
  <testcase name="adduserGrpIcon" time="54.900" classname="testCases.myPIM.MTA_5_VerifyAddUserGrpIcon"/>
</testsuite> <!-- testCases.myPIM.MTA_5_VerifyAddUserGrpIcon -->
